#
# There is insufficient memory for the Java Runtime Environment to continue.
# Native memory allocation (mmap) failed to map 40894464 bytes for G1 virtual space
# Possible reasons:
#   The system is out of physical RAM or swap space
#   The process is running with CompressedOops enabled, and the Java Heap may be blocking the growth of the native heap
# Possible solutions:
#   Reduce memory load on the system
#   Increase physical memory or swap space
#   Check if swap backing store is full
#   Decrease Java heap size (-Xmx/-Xms)
#   Decrease number of Java threads
#   Decrease Java thread stack sizes (-Xss)
#   Set larger code cache with -XX:ReservedCodeCacheSize=
#   JVM is running with Unscaled Compressed Oops mode in which the Java heap is
#     placed in the first 4GB address space. The Java Heap base address is the
#     maximum limit for the native heap growth. Please use -XX:HeapBaseMinAddress
#     to set the Java Heap base and to place the Java Heap above 4GB virtual address.
# This output file may be truncated or incomplete.
#
#  Out of Memory Error (os_windows.cpp:3466), pid=7120, tid=5052
#
# JRE version: OpenJDK Runtime Environment (16.0.2+7) (build 16.0.2+7-67)
# Java VM: OpenJDK 64-Bit Server VM (16.0.2+7-67, mixed mode, tiered, compressed oops, compressed class ptrs, g1 gc, windows-amd64)
# No core dump will be written. Minidumps are not enabled by default on client versions of Windows
#

---------------  S U M M A R Y ------------

Command Line: -Dcom.sun.management.jmxremote -Dcom.sun.management.jmxremote.port=64698 -Dcom.sun.management.jmxremote.authenticate=false -Dcom.sun.management.jmxremote.ssl=false -Djava.rmi.server.hostname=localhost -Dspring.jmx.enabled=true -Dspring.application.admin.enabled=true -XX:TieredStopAtLevel=1 -Dspring.boot.project.name=EmployesDepartement -Dfile.encoding=UTF-8 -XX:+ShowCodeDetailsInExceptionMessages sn.supinfo.employesDepartement.EmployesDepartementApplication --spring.output.ansi.enabled=always

Host: Intel(R) Core(TM) i5-6200U CPU @ 2.30GHz, 4 cores, 5G,  Windows 10 , 64 bit Build 19041 (10.0.19041.1202)
Time: Sun Oct  3 00:23:28 2021 Temps universel coordonné elapsed time: 412.193422 seconds (0d 0h 6m 52s)

---------------  T H R E A D  ---------------

Current thread (0x0000018af2dcf140):  VMThread "VM Thread" [stack: 0x0000008577e00000,0x0000008577f00000] [id=5052]

Stack: [0x0000008577e00000,0x0000008577f00000]
Native frames: (J=compiled Java code, j=interpreted, Vv=VM code, C=native code)
V  [jvm.dll+0x6681ca]
V  [jvm.dll+0x7c9e69]
V  [jvm.dll+0x7cb61e]
V  [jvm.dll+0x7cbc73]
V  [jvm.dll+0x242c55]
V  [jvm.dll+0x664f89]
V  [jvm.dll+0x659b75]
V  [jvm.dll+0x2fbfbb]
V  [jvm.dll+0x3031b6]
V  [jvm.dll+0x35299e]
V  [jvm.dll+0x352bcf]
V  [jvm.dll+0x2d3028]
V  [jvm.dll+0x2d0bb5]
V  [jvm.dll+0x2d01ec]
V  [jvm.dll+0x3152d2]
V  [jvm.dll+0x7d00ab]
V  [jvm.dll+0x7d0da4]
V  [jvm.dll+0x7d12a9]
V  [jvm.dll+0x7d1564]
V  [jvm.dll+0x7d1630]
V  [jvm.dll+0x7795aa]
V  [jvm.dll+0x667066]
C  [ucrtbase.dll+0x21bb2]
C  [KERNEL32.DLL+0x17034]
C  [ntdll.dll+0x52651]

VM_Operation (0x0000008579efe980): G1CollectForAllocation, mode: safepoint, requested by thread 0x0000018af5f60ad0


---------------  P R O C E S S  ---------------

Threads class SMR info:
_java_thread_list=0x0000018af89aecd0, length=32, elements={
0x0000018af2e26250, 0x0000018af2e2ba60, 0x0000018af2e5b280, 0x0000018af2e5ebb0,
0x0000018af2e5f4c0, 0x0000018af2e5fdd0, 0x0000018af2e606e0, 0x0000018af2e8a3d0,
0x0000018af2dac2a0, 0x0000018af39838d0, 0x0000018af3eb8660, 0x0000018af3ebab90,
0x0000018af3eb0d00, 0x0000018af3f29440, 0x0000018af3f980f0, 0x0000018af4393040,
0x0000018af4390070, 0x0000018af4392050, 0x0000018af5f5f040, 0x0000018af5f5ab30,
0x0000018af5f5a090, 0x0000018af5f5bb20, 0x0000018af5f5f590, 0x0000018af5f5cb10,
0x0000018af5f5db00, 0x0000018af5f60580, 0x0000018af5f5b080, 0x0000018af5f5fae0,
0x0000018af5f60ad0, 0x0000018af5f5e5a0, 0x0000018af5f5eaf0, 0x0000018af5f5b5d0
}

Java Threads: ( => current thread )
  0x0000018af2e26250 JavaThread "Reference Handler" daemon [_thread_blocked, id=8072, stack(0x0000008577f00000,0x0000008578000000)]
  0x0000018af2e2ba60 JavaThread "Finalizer" daemon [_thread_blocked, id=15680, stack(0x0000008578000000,0x0000008578100000)]
  0x0000018af2e5b280 JavaThread "Signal Dispatcher" daemon [_thread_blocked, id=3784, stack(0x0000008578100000,0x0000008578200000)]
  0x0000018af2e5ebb0 JavaThread "Attach Listener" daemon [_thread_blocked, id=15504, stack(0x0000008578200000,0x0000008578300000)]
  0x0000018af2e5f4c0 JavaThread "Service Thread" daemon [_thread_blocked, id=16204, stack(0x0000008578300000,0x0000008578400000)]
  0x0000018af2e5fdd0 JavaThread "Monitor Deflation Thread" daemon [_thread_blocked, id=9416, stack(0x0000008578400000,0x0000008578500000)]
  0x0000018af2e606e0 JavaThread "C1 CompilerThread0" daemon [_thread_blocked, id=5588, stack(0x0000008578500000,0x0000008578600000)]
  0x0000018af2e8a3d0 JavaThread "Sweeper thread" daemon [_thread_blocked, id=5372, stack(0x0000008578600000,0x0000008578700000)]
  0x0000018af2dac2a0 JavaThread "Common-Cleaner" daemon [_thread_blocked, id=14776, stack(0x0000008578700000,0x0000008578800000)]
  0x0000018af39838d0 JavaThread "Notification Thread" daemon [_thread_blocked, id=11676, stack(0x0000008578800000,0x0000008578900000)]
  0x0000018af3eb8660 JavaThread "RMI TCP Accept-0" daemon [_thread_in_native, id=9064, stack(0x0000008578900000,0x0000008578a00000)]
  0x0000018af3ebab90 JavaThread "RMI TCP Accept-64698" daemon [_thread_in_native, id=15196, stack(0x0000008578a00000,0x0000008578b00000)]
  0x0000018af3eb0d00 JavaThread "RMI TCP Accept-0" daemon [_thread_in_native, id=14936, stack(0x0000008578b00000,0x0000008578c00000)]
  0x0000018af3f29440 JavaThread "RMI Scheduler(0)" daemon [_thread_blocked, id=14616, stack(0x0000008578e00000,0x0000008578f00000)]
  0x0000018af3f980f0 JavaThread "JMX server connection timeout 21" daemon [_thread_blocked, id=3140, stack(0x0000008579000000,0x0000008579100000)]
  0x0000018af4393040 JavaThread "mysql-cj-abandoned-connection-cleanup" daemon [_thread_blocked, id=14216, stack(0x0000008579b00000,0x0000008579c00000)]
  0x0000018af4390070 JavaThread "Live Reload Server" daemon [_thread_in_native, id=2284, stack(0x000000857a000000,0x000000857a100000)]
  0x0000018af4392050 JavaThread "DestroyJavaVM" [_thread_blocked, id=1756, stack(0x0000008577800000,0x0000008577900000)]
  0x0000018af5f5f040 JavaThread "File Watcher" daemon [_thread_blocked, id=15728, stack(0x0000008579a00000,0x0000008579b00000)]
  0x0000018af5f5ab30 JavaThread "RMI TCP Connection(idle)" daemon [_thread_blocked, id=14424, stack(0x000000857a300000,0x000000857a400000)]
  0x0000018af5f5a090 JavaThread "RMI TCP Connection(20)-127.0.0.1" daemon [_thread_in_native, id=540, stack(0x000000857a100000,0x000000857a200000)]
  0x0000018af5f5bb20 JavaThread "RMI TCP Connection(19)-127.0.0.1" daemon [_thread_in_native, id=900, stack(0x000000857a200000,0x000000857a300000)]
  0x0000018af5f5f590 JavaThread "RMI TCP Connection(18)-127.0.0.1" daemon [_thread_blocked, id=2956, stack(0x0000008577700000,0x0000008577800000)]
  0x0000018af5f5cb10 JavaThread "Catalina-utility-1" [_thread_blocked, id=2892, stack(0x0000008578d00000,0x0000008578e00000)]
  0x0000018af5f5db00 JavaThread "Catalina-utility-2" [_thread_blocked, id=13308, stack(0x0000008579700000,0x0000008579800000)]
  0x0000018af5f60580 JavaThread "container-1" [_thread_blocked, id=4660, stack(0x0000008579800000,0x0000008579900000)]
  0x0000018af5f5b080 JavaThread "HikariPool-5 housekeeper" daemon [_thread_blocked, id=15332, stack(0x0000008579900000,0x0000008579a00000)]
  0x0000018af5f5fae0 JavaThread "HikariPool-5 connection adder" daemon [_thread_blocked, id=8492, stack(0x0000008579d00000,0x0000008579e00000)]
  0x0000018af5f60ad0 JavaThread "File Watcher" daemon [_thread_blocked, id=12360, stack(0x0000008579e00000,0x0000008579f00000)]
  0x0000018af5f5e5a0 JavaThread "http-nio-8080-Poller" daemon [_thread_blocked, id=11228, stack(0x0000008579f00000,0x000000857a000000)]
  0x0000018af5f5eaf0 JavaThread "http-nio-8080-Acceptor" daemon [_thread_in_native, id=6828, stack(0x000000857a500000,0x000000857a600000)]
  0x0000018af5f5b5d0 JavaThread "JMX server connection timeout 106" daemon [_thread_blocked, id=5292, stack(0x000000857a600000,0x000000857a700000)]

Other Threads:
=>0x0000018af2dcf140 VMThread "VM Thread" [stack: 0x0000008577e00000,0x0000008577f00000] [id=5052]
  0x0000018adac0b210 WatcherThread [stack: 0x0000008578c00000,0x0000008578d00000] [id=4572]
  0x0000018adac43d10 GCTaskThread "GC Thread#0" [stack: 0x0000008577900000,0x0000008577a00000] [id=388]
  0x0000018af3fb7cb0 GCTaskThread "GC Thread#1" [stack: 0x0000008579100000,0x0000008579200000] [id=6988]
  0x0000018af3fcd640 GCTaskThread "GC Thread#2" [stack: 0x0000008579200000,0x0000008579300000] [id=15100]
  0x0000018af3fcd950 GCTaskThread "GC Thread#3" [stack: 0x0000008579300000,0x0000008579400000] [id=15996]
  0x0000018adac50960 ConcurrentGCThread "G1 Main Marker" [stack: 0x0000008577a00000,0x0000008577b00000] [id=3220]
  0x0000018adac51c40 ConcurrentGCThread "G1 Conc#0" [stack: 0x0000008577b00000,0x0000008577c00000] [id=9652]
  0x0000018adacb1a10 ConcurrentGCThread "G1 Refine#0" [stack: 0x0000008577c00000,0x0000008577d00000] [id=13980]
  0x0000018af3fcdc60 ConcurrentGCThread "G1 Refine#1" [stack: 0x0000008579400000,0x0000008579500000] [id=14124]
  0x0000018af3ee9570 ConcurrentGCThread "G1 Refine#2" [stack: 0x0000008579500000,0x0000008579600000] [id=224]
  0x0000018adacb4b60 ConcurrentGCThread "G1 Service" [stack: 0x0000008577d00000,0x0000008577e00000] [id=15912]

Threads with active compile tasks:

VM state: at safepoint (normal execution)

VM Mutex/Monitor currently owned by a thread:  ([mutex/lock_event])
[0x0000018adac066e0] Threads_lock - owner thread: 0x0000018af2dcf140
[0x0000018adac05ba0] Heap_lock - owner thread: 0x0000018af5f60ad0

Heap address: 0x00000000a2000000, size: 1504 MB, Compressed Oops mode: 32-bit

CDS disabled.
Compressed class space mapped at: 0x0000000100000000-0x0000000140000000, reserved size: 1073741824
Narrow klass base: 0x0000000000000000, Narrow klass shift: 3, Narrow klass range: 0x140000000

GC Precious Log:
 CPUs: 4 total, 4 available
 Memory: 6010M
 Large Page Support: Disabled
 NUMA Support: Disabled
 Compressed Oops: Enabled (32-bit)
 Heap Region Size: 1M
 Heap Min Capacity: 8M
 Heap Initial Capacity: 94M
 Heap Max Capacity: 1504M
 Pre-touch: Disabled
 Parallel Workers: 4
 Concurrent Workers: 1
 Concurrent Refinement Workers: 4
 Periodic GC: Disabled

Heap:
 garbage-first heap   total 138240K, used 29169K [0x00000000a2000000, 0x0000000100000000)
  region size 1024K, 5 young (5120K), 5 survivors (5120K)
 Metaspace       used 65322K, committed 65856K, reserved 1114112K
  class space    used 8650K, committed 8896K, reserved 1048576K

Heap Regions: E=young(eden), S=young(survivor), O=old, HS=humongous(starts), HC=humongous(continues), CS=collection set, F=free, OA=open archive, CA=closed archive, TAMS=top-at-mark-start (previous, next)
|   0|0x00000000a2000000, 0x00000000a2100000, 0x00000000a2100000|100%|HS|  |TAMS 0x00000000a2100000, 0x00000000a2000000| Untracked 
|   1|0x00000000a2100000, 0x00000000a21ffff8, 0x00000000a2200000| 99%| O|  |TAMS 0x00000000a2100000, 0x00000000a2100000| Untracked 
|   2|0x00000000a2200000, 0x00000000a22ffff8, 0x00000000a2300000| 99%| O|  |TAMS 0x00000000a2200000, 0x00000000a2200000| Untracked 
|   3|0x00000000a2300000, 0x00000000a23fffb0, 0x00000000a2400000| 99%| O|  |TAMS 0x00000000a2300000, 0x00000000a2300000| Untracked 
|   4|0x00000000a2400000, 0x00000000a24fffe0, 0x00000000a2500000| 99%| O|  |TAMS 0x00000000a2400000, 0x00000000a2400000| Untracked 
|   5|0x00000000a2500000, 0x00000000a25ffff8, 0x00000000a2600000| 99%| O|  |TAMS 0x00000000a2500000, 0x00000000a2500000| Untracked 
|   6|0x00000000a2600000, 0x00000000a26fffd8, 0x00000000a2700000| 99%| O|  |TAMS 0x00000000a2600000, 0x00000000a2600000| Untracked 
|   7|0x00000000a2700000, 0x00000000a27fffe8, 0x00000000a2800000| 99%| O|  |TAMS 0x00000000a2700000, 0x00000000a2700000| Untracked 
|   8|0x00000000a2800000, 0x00000000a2900000, 0x00000000a2900000|100%| O|  |TAMS 0x00000000a2800000, 0x00000000a2800000| Untracked 
|   9|0x00000000a2900000, 0x00000000a2a00000, 0x00000000a2a00000|100%| O|  |TAMS 0x00000000a2900000, 0x00000000a2900000| Untracked 
|  10|0x00000000a2a00000, 0x00000000a2afffd0, 0x00000000a2b00000| 99%| O|  |TAMS 0x00000000a2a00000, 0x00000000a2a00000| Untracked 
|  11|0x00000000a2b00000, 0x00000000a2bffda0, 0x00000000a2c00000| 99%| O|  |TAMS 0x00000000a2b00000, 0x00000000a2b00000| Untracked 
|  12|0x00000000a2c00000, 0x00000000a2d00000, 0x00000000a2d00000|100%| O|  |TAMS 0x00000000a2c00000, 0x00000000a2c00000| Untracked 
|  13|0x00000000a2d00000, 0x00000000a2dffff8, 0x00000000a2e00000| 99%| O|  |TAMS 0x00000000a2d00000, 0x00000000a2d00000| Untracked 
|  14|0x00000000a2e00000, 0x00000000a2efffb0, 0x00000000a2f00000| 99%| O|  |TAMS 0x00000000a2e00000, 0x00000000a2e00000| Untracked 
|  15|0x00000000a2f00000, 0x00000000a2ff4308, 0x00000000a3000000| 95%| O|  |TAMS 0x00000000a2f00000, 0x00000000a2f00000| Untracked 
|  16|0x00000000a3000000, 0x00000000a30fffe8, 0x00000000a3100000| 99%| O|  |TAMS 0x00000000a3000000, 0x00000000a3000000| Untracked 
|  17|0x00000000a3100000, 0x00000000a31ffff0, 0x00000000a3200000| 99%| O|  |TAMS 0x00000000a3100000, 0x00000000a3100000| Untracked 
|  18|0x00000000a3200000, 0x00000000a32fffb8, 0x00000000a3300000| 99%| O|  |TAMS 0x00000000a3200000, 0x00000000a3200000| Untracked 
|  19|0x00000000a3300000, 0x00000000a33ffe70, 0x00000000a3400000| 99%| O|  |TAMS 0x00000000a3300000, 0x00000000a3300000| Untracked 
|  20|0x00000000a3400000, 0x00000000a34ffa90, 0x00000000a3500000| 99%| O|  |TAMS 0x00000000a3400000, 0x00000000a3400000| Untracked 
|  21|0x00000000a3500000, 0x00000000a3600000, 0x00000000a3600000|100%| O|  |TAMS 0x00000000a3500000, 0x00000000a3500000| Untracked 
|  22|0x00000000a3600000, 0x00000000a36f8ba0, 0x00000000a3700000| 97%| O|  |TAMS 0x00000000a3600000, 0x00000000a3600000| Untracked 
|  23|0x00000000a3700000, 0x00000000a37d4ca0, 0x00000000a3800000| 83%| O|  |TAMS 0x00000000a3700000, 0x00000000a3700000| Untracked 
|  24|0x00000000a3800000, 0x00000000a3800000, 0x00000000a3900000|  0%| F|  |TAMS 0x00000000a3800000, 0x00000000a3800000| Untracked 
|  25|0x00000000a3900000, 0x00000000a3900000, 0x00000000a3a00000|  0%| F|  |TAMS 0x00000000a3900000, 0x00000000a3900000| Untracked 
|  26|0x00000000a3a00000, 0x00000000a3a00000, 0x00000000a3b00000|  0%| F|  |TAMS 0x00000000a3a00000, 0x00000000a3a00000| Untracked 
|  27|0x00000000a3b00000, 0x00000000a3b00000, 0x00000000a3c00000|  0%| F|  |TAMS 0x00000000a3b00000, 0x00000000a3b00000| Untracked 
|  28|0x00000000a3c00000, 0x00000000a3c00000, 0x00000000a3d00000|  0%| F|  |TAMS 0x00000000a3c00000, 0x00000000a3c00000| Untracked 
|  29|0x00000000a3d00000, 0x00000000a3d00000, 0x00000000a3e00000|  0%| F|  |TAMS 0x00000000a3d00000, 0x00000000a3d00000| Untracked 
|  30|0x00000000a3e00000, 0x00000000a3e00000, 0x00000000a3f00000|  0%| F|  |TAMS 0x00000000a3e00000, 0x00000000a3e00000| Untracked 
|  31|0x00000000a3f00000, 0x00000000a3f00000, 0x00000000a4000000|  0%| F|  |TAMS 0x00000000a3f00000, 0x00000000a3f00000| Untracked 
|  32|0x00000000a4000000, 0x00000000a401e538, 0x00000000a4100000| 11%| S|CS|TAMS 0x00000000a4000000, 0x00000000a4000000| Complete 
|  33|0x00000000a4100000, 0x00000000a4200000, 0x00000000a4200000|100%| S|CS|TAMS 0x00000000a4100000, 0x00000000a4100000| Complete 
|  34|0x00000000a4200000, 0x00000000a4300000, 0x00000000a4300000|100%| S|CS|TAMS 0x00000000a4200000, 0x00000000a4200000| Complete 
|  35|0x00000000a4300000, 0x00000000a4400000, 0x00000000a4400000|100%| S|CS|TAMS 0x00000000a4300000, 0x00000000a4300000| Complete 
|  36|0x00000000a4400000, 0x00000000a449d040, 0x00000000a4500000| 61%| O|  |TAMS 0x00000000a4400000, 0x00000000a4400000| Untracked 
|  37|0x00000000a4500000, 0x00000000a4600000, 0x00000000a4600000|100%| S|CS|TAMS 0x00000000a4500000, 0x00000000a4500000| Complete 
|  38|0x00000000a4600000, 0x00000000a4600000, 0x00000000a4700000|  0%| F|  |TAMS 0x00000000a4600000, 0x00000000a4600000| Untracked 
|  39|0x00000000a4700000, 0x00000000a4700000, 0x00000000a4800000|  0%| F|  |TAMS 0x00000000a4700000, 0x00000000a4700000| Untracked 
|  40|0x00000000a4800000, 0x00000000a4800000, 0x00000000a4900000|  0%| F|  |TAMS 0x00000000a4800000, 0x00000000a4800000| Untracked 
|  41|0x00000000a4900000, 0x00000000a4900000, 0x00000000a4a00000|  0%| F|  |TAMS 0x00000000a4900000, 0x00000000a4900000| Untracked 
|  42|0x00000000a4a00000, 0x00000000a4a00000, 0x00000000a4b00000|  0%| F|  |TAMS 0x00000000a4a00000, 0x00000000a4a00000| Untracked 
|  43|0x00000000a4b00000, 0x00000000a4b00000, 0x00000000a4c00000|  0%| F|  |TAMS 0x00000000a4b00000, 0x00000000a4b00000| Untracked 
|  44|0x00000000a4c00000, 0x00000000a4c00000, 0x00000000a4d00000|  0%| F|  |TAMS 0x00000000a4c00000, 0x00000000a4c00000| Untracked 
|  45|0x00000000a4d00000, 0x00000000a4d00000, 0x00000000a4e00000|  0%| F|  |TAMS 0x00000000a4d00000, 0x00000000a4d00000| Untracked 
|  46|0x00000000a4e00000, 0x00000000a4e00000, 0x00000000a4f00000|  0%| F|  |TAMS 0x00000000a4e00000, 0x00000000a4e00000| Untracked 
|  47|0x00000000a4f00000, 0x00000000a4f00000, 0x00000000a5000000|  0%| F|  |TAMS 0x00000000a4f00000, 0x00000000a4f00000| Untracked 
|  48|0x00000000a5000000, 0x00000000a5000000, 0x00000000a5100000|  0%| F|  |TAMS 0x00000000a5000000, 0x00000000a5000000| Untracked 
|  49|0x00000000a5100000, 0x00000000a5100000, 0x00000000a5200000|  0%| F|  |TAMS 0x00000000a5100000, 0x00000000a5100000| Untracked 
|  50|0x00000000a5200000, 0x00000000a5200000, 0x00000000a5300000|  0%| F|  |TAMS 0x00000000a5200000, 0x00000000a5200000| Untracked 
|  51|0x00000000a5300000, 0x00000000a5300000, 0x00000000a5400000|  0%| F|  |TAMS 0x00000000a5300000, 0x00000000a5300000| Untracked 
|  52|0x00000000a5400000, 0x00000000a5400000, 0x00000000a5500000|  0%| F|  |TAMS 0x00000000a5400000, 0x00000000a5400000| Untracked 
|  53|0x00000000a5500000, 0x00000000a5500000, 0x00000000a5600000|  0%| F|  |TAMS 0x00000000a5500000, 0x00000000a5500000| Untracked 
|  54|0x00000000a5600000, 0x00000000a5600000, 0x00000000a5700000|  0%| F|  |TAMS 0x00000000a5600000, 0x00000000a5600000| Untracked 
|  55|0x00000000a5700000, 0x00000000a5700000, 0x00000000a5800000|  0%| F|  |TAMS 0x00000000a5700000, 0x00000000a5700000| Untracked 
|  56|0x00000000a5800000, 0x00000000a5800000, 0x00000000a5900000|  0%| F|  |TAMS 0x00000000a5800000, 0x00000000a5800000| Untracked 
|  57|0x00000000a5900000, 0x00000000a5900000, 0x00000000a5a00000|  0%| F|  |TAMS 0x00000000a5900000, 0x00000000a5900000| Untracked 
|  58|0x00000000a5a00000, 0x00000000a5a00000, 0x00000000a5b00000|  0%| F|  |TAMS 0x00000000a5a00000, 0x00000000a5a00000| Untracked 
|  59|0x00000000a5b00000, 0x00000000a5b00000, 0x00000000a5c00000|  0%| F|  |TAMS 0x00000000a5b00000, 0x00000000a5b00000| Untracked 
|  60|0x00000000a5c00000, 0x00000000a5c00000, 0x00000000a5d00000|  0%| F|  |TAMS 0x00000000a5c00000, 0x00000000a5c00000| Untracked 
|  61|0x00000000a5d00000, 0x00000000a5d00000, 0x00000000a5e00000|  0%| F|  |TAMS 0x00000000a5d00000, 0x00000000a5d00000| Untracked 
|  62|0x00000000a5e00000, 0x00000000a5e00000, 0x00000000a5f00000|  0%| F|  |TAMS 0x00000000a5e00000, 0x00000000a5e00000| Untracked 
|  63|0x00000000a5f00000, 0x00000000a5f00000, 0x00000000a6000000|  0%| F|  |TAMS 0x00000000a5f00000, 0x00000000a5f00000| Untracked 
|  64|0x00000000a6000000, 0x00000000a6000000, 0x00000000a6100000|  0%| F|  |TAMS 0x00000000a6000000, 0x00000000a6000000| Untracked 
|  65|0x00000000a6100000, 0x00000000a6100000, 0x00000000a6200000|  0%| F|  |TAMS 0x00000000a6100000, 0x00000000a6100000| Untracked 
|  66|0x00000000a6200000, 0x00000000a6200000, 0x00000000a6300000|  0%| F|  |TAMS 0x00000000a6200000, 0x00000000a6200000| Untracked 
|  67|0x00000000a6300000, 0x00000000a6300000, 0x00000000a6400000|  0%| F|  |TAMS 0x00000000a6300000, 0x00000000a6300000| Untracked 
|  68|0x00000000a6400000, 0x00000000a6400000, 0x00000000a6500000|  0%| F|  |TAMS 0x00000000a6400000, 0x00000000a6400000| Untracked 
|  69|0x00000000a6500000, 0x00000000a6500000, 0x00000000a6600000|  0%| F|  |TAMS 0x00000000a6500000, 0x00000000a6500000| Untracked 
|  70|0x00000000a6600000, 0x00000000a6600000, 0x00000000a6700000|  0%| F|  |TAMS 0x00000000a6600000, 0x00000000a6600000| Untracked 
|  71|0x00000000a6700000, 0x00000000a6700000, 0x00000000a6800000|  0%| F|  |TAMS 0x00000000a6700000, 0x00000000a6700000| Untracked 
|  72|0x00000000a6800000, 0x00000000a6800000, 0x00000000a6900000|  0%| F|  |TAMS 0x00000000a6800000, 0x00000000a6800000| Untracked 
|  73|0x00000000a6900000, 0x00000000a6900000, 0x00000000a6a00000|  0%| F|  |TAMS 0x00000000a6900000, 0x00000000a6900000| Untracked 
|  74|0x00000000a6a00000, 0x00000000a6a00000, 0x00000000a6b00000|  0%| F|  |TAMS 0x00000000a6a00000, 0x00000000a6a00000| Untracked 
|  75|0x00000000a6b00000, 0x00000000a6b00000, 0x00000000a6c00000|  0%| F|  |TAMS 0x00000000a6b00000, 0x00000000a6b00000| Untracked 
|  76|0x00000000a6c00000, 0x00000000a6c00000, 0x00000000a6d00000|  0%| F|  |TAMS 0x00000000a6c00000, 0x00000000a6c00000| Untracked 
|  77|0x00000000a6d00000, 0x00000000a6d00000, 0x00000000a6e00000|  0%| F|  |TAMS 0x00000000a6d00000, 0x00000000a6d00000| Untracked 
|  78|0x00000000a6e00000, 0x00000000a6e00000, 0x00000000a6f00000|  0%| F|  |TAMS 0x00000000a6e00000, 0x00000000a6e00000| Untracked 
|  79|0x00000000a6f00000, 0x00000000a6f00000, 0x00000000a7000000|  0%| F|  |TAMS 0x00000000a6f00000, 0x00000000a6f00000| Untracked 
|  80|0x00000000a7000000, 0x00000000a7000000, 0x00000000a7100000|  0%| F|  |TAMS 0x00000000a7000000, 0x00000000a7000000| Untracked 
|  81|0x00000000a7100000, 0x00000000a7100000, 0x00000000a7200000|  0%| F|  |TAMS 0x00000000a7100000, 0x00000000a7100000| Untracked 
|  82|0x00000000a7200000, 0x00000000a7200000, 0x00000000a7300000|  0%| F|  |TAMS 0x00000000a7200000, 0x00000000a7200000| Untracked 
|  83|0x00000000a7300000, 0x00000000a7300000, 0x00000000a7400000|  0%| F|  |TAMS 0x00000000a7300000, 0x00000000a7300000| Untracked 
|  84|0x00000000a7400000, 0x00000000a7400000, 0x00000000a7500000|  0%| F|  |TAMS 0x00000000a7400000, 0x00000000a7400000| Untracked 
|  85|0x00000000a7500000, 0x00000000a7500000, 0x00000000a7600000|  0%| F|  |TAMS 0x00000000a7500000, 0x00000000a7500000| Untracked 
|  86|0x00000000a7600000, 0x00000000a7600000, 0x00000000a7700000|  0%| F|  |TAMS 0x00000000a7600000, 0x00000000a7600000| Untracked 
|  87|0x00000000a7700000, 0x00000000a7700000, 0x00000000a7800000|  0%| F|  |TAMS 0x00000000a7700000, 0x00000000a7700000| Untracked 
|  88|0x00000000a7800000, 0x00000000a7800000, 0x00000000a7900000|  0%| F|  |TAMS 0x00000000a7800000, 0x00000000a7800000| Untracked 
|  89|0x00000000a7900000, 0x00000000a7900000, 0x00000000a7a00000|  0%| F|  |TAMS 0x00000000a7900000, 0x00000000a7900000| Untracked 
|  90|0x00000000a7a00000, 0x00000000a7a00000, 0x00000000a7b00000|  0%| F|  |TAMS 0x00000000a7a00000, 0x00000000a7a00000| Untracked 
|  91|0x00000000a7b00000, 0x00000000a7b00000, 0x00000000a7c00000|  0%| F|  |TAMS 0x00000000a7b00000, 0x00000000a7b00000| Untracked 
|  92|0x00000000a7c00000, 0x00000000a7c00000, 0x00000000a7d00000|  0%| F|  |TAMS 0x00000000a7c00000, 0x00000000a7c00000| Untracked 
|  93|0x00000000a7d00000, 0x00000000a7d00000, 0x00000000a7e00000|  0%| F|  |TAMS 0x00000000a7d00000, 0x00000000a7d00000| Untracked 
|  94|0x00000000a7e00000, 0x00000000a7e00000, 0x00000000a7f00000|  0%| F|  |TAMS 0x00000000a7e00000, 0x00000000a7e00000| Untracked 
|  95|0x00000000a7f00000, 0x00000000a7f00000, 0x00000000a8000000|  0%| F|  |TAMS 0x00000000a7f00000, 0x00000000a7f00000| Untracked 
|  96|0x00000000a8000000, 0x00000000a8000000, 0x00000000a8100000|  0%| F|  |TAMS 0x00000000a8000000, 0x00000000a8000000| Untracked 
|  97|0x00000000a8100000, 0x00000000a8100000, 0x00000000a8200000|  0%| F|  |TAMS 0x00000000a8100000, 0x00000000a8100000| Untracked 
|  98|0x00000000a8200000, 0x00000000a8200000, 0x00000000a8300000|  0%| F|  |TAMS 0x00000000a8200000, 0x00000000a8200000| Untracked 
|  99|0x00000000a8300000, 0x00000000a8300000, 0x00000000a8400000|  0%| F|  |TAMS 0x00000000a8300000, 0x00000000a8300000| Untracked 
| 100|0x00000000a8400000, 0x00000000a8400000, 0x00000000a8500000|  0%| F|  |TAMS 0x00000000a8400000, 0x00000000a8400000| Untracked 
| 101|0x00000000a8500000, 0x00000000a8500000, 0x00000000a8600000|  0%| F|  |TAMS 0x00000000a8500000, 0x00000000a8500000| Untracked 
| 102|0x00000000a8600000, 0x00000000a8600000, 0x00000000a8700000|  0%| F|  |TAMS 0x00000000a8600000, 0x00000000a8600000| Untracked 
| 103|0x00000000a8700000, 0x00000000a8700000, 0x00000000a8800000|  0%| F|  |TAMS 0x00000000a8700000, 0x00000000a8700000| Untracked 
| 104|0x00000000a8800000, 0x00000000a8800000, 0x00000000a8900000|  0%| F|  |TAMS 0x00000000a8800000, 0x00000000a8800000| Untracked 
| 105|0x00000000a8900000, 0x00000000a8900000, 0x00000000a8a00000|  0%| F|  |TAMS 0x00000000a8900000, 0x00000000a8900000| Untracked 
| 106|0x00000000a8a00000, 0x00000000a8a00000, 0x00000000a8b00000|  0%| F|  |TAMS 0x00000000a8a00000, 0x00000000a8a00000| Untracked 
| 107|0x00000000a8b00000, 0x00000000a8b00000, 0x00000000a8c00000|  0%| F|  |TAMS 0x00000000a8b00000, 0x00000000a8b00000| Untracked 
| 108|0x00000000a8c00000, 0x00000000a8c00000, 0x00000000a8d00000|  0%| F|  |TAMS 0x00000000a8c00000, 0x00000000a8c00000| Untracked 
| 109|0x00000000a8d00000, 0x00000000a8d00000, 0x00000000a8e00000|  0%| F|  |TAMS 0x00000000a8d00000, 0x00000000a8d00000| Untracked 
| 110|0x00000000a8e00000, 0x00000000a8e00000, 0x00000000a8f00000|  0%| F|  |TAMS 0x00000000a8e00000, 0x00000000a8e00000| Untracked 
| 111|0x00000000a8f00000, 0x00000000a8f00000, 0x00000000a9000000|  0%| F|  |TAMS 0x00000000a8f00000, 0x00000000a8f00000| Untracked 
| 112|0x00000000a9000000, 0x00000000a9000000, 0x00000000a9100000|  0%| F|  |TAMS 0x00000000a9000000, 0x00000000a9000000| Untracked 
| 113|0x00000000a9100000, 0x00000000a9100000, 0x00000000a9200000|  0%| F|  |TAMS 0x00000000a9100000, 0x00000000a9100000| Untracked 
| 114|0x00000000a9200000, 0x00000000a9200000, 0x00000000a9300000|  0%| F|  |TAMS 0x00000000a9200000, 0x00000000a9200000| Untracked 
| 115|0x00000000a9300000, 0x00000000a9300000, 0x00000000a9400000|  0%| F|  |TAMS 0x00000000a9300000, 0x00000000a9300000| Untracked 
| 116|0x00000000a9400000, 0x00000000a9400000, 0x00000000a9500000|  0%| F|  |TAMS 0x00000000a9400000, 0x00000000a9400000| Untracked 
| 117|0x00000000a9500000, 0x00000000a9500000, 0x00000000a9600000|  0%| F|  |TAMS 0x00000000a9500000, 0x00000000a9500000| Untracked 
| 118|0x00000000a9600000, 0x00000000a9600000, 0x00000000a9700000|  0%| F|  |TAMS 0x00000000a9600000, 0x00000000a9600000| Untracked 
| 119|0x00000000a9700000, 0x00000000a9700000, 0x00000000a9800000|  0%| F|  |TAMS 0x00000000a9700000, 0x00000000a9700000| Untracked 
| 120|0x00000000a9800000, 0x00000000a9800000, 0x00000000a9900000|  0%| F|  |TAMS 0x00000000a9800000, 0x00000000a9800000| Untracked 
| 121|0x00000000a9900000, 0x00000000a9900000, 0x00000000a9a00000|  0%| F|  |TAMS 0x00000000a9900000, 0x00000000a9900000| Untracked 
| 122|0x00000000a9a00000, 0x00000000a9a00000, 0x00000000a9b00000|  0%| F|  |TAMS 0x00000000a9a00000, 0x00000000a9a00000| Untracked 
| 123|0x00000000a9b00000, 0x00000000a9b00000, 0x00000000a9c00000|  0%| F|  |TAMS 0x00000000a9b00000, 0x00000000a9b00000| Untracked 
| 124|0x00000000a9c00000, 0x00000000a9c00000, 0x00000000a9d00000|  0%| F|  |TAMS 0x00000000a9c00000, 0x00000000a9c00000| Untracked 
| 125|0x00000000a9d00000, 0x00000000a9d00000, 0x00000000a9e00000|  0%| F|  |TAMS 0x00000000a9d00000, 0x00000000a9d00000| Untracked 
| 126|0x00000000a9e00000, 0x00000000a9e00000, 0x00000000a9f00000|  0%| F|  |TAMS 0x00000000a9e00000, 0x00000000a9e00000| Untracked 
| 127|0x00000000a9f00000, 0x00000000a9f00000, 0x00000000aa000000|  0%| F|  |TAMS 0x00000000a9f00000, 0x00000000a9f00000| Untracked 
| 128|0x00000000aa000000, 0x00000000aa000000, 0x00000000aa100000|  0%| F|  |TAMS 0x00000000aa000000, 0x00000000aa000000| Untracked 
| 129|0x00000000aa100000, 0x00000000aa100000, 0x00000000aa200000|  0%| F|  |TAMS 0x00000000aa100000, 0x00000000aa100000| Untracked 
| 130|0x00000000aa200000, 0x00000000aa200000, 0x00000000aa300000|  0%| F|  |TAMS 0x00000000aa200000, 0x00000000aa200000| Untracked 
| 131|0x00000000aa300000, 0x00000000aa300000, 0x00000000aa400000|  0%| F|  |TAMS 0x00000000aa300000, 0x00000000aa300000| Untracked 
| 132|0x00000000aa400000, 0x00000000aa400000, 0x00000000aa500000|  0%| F|  |TAMS 0x00000000aa400000, 0x00000000aa400000| Untracked 
| 133|0x00000000aa500000, 0x00000000aa500000, 0x00000000aa600000|  0%| F|  |TAMS 0x00000000aa500000, 0x00000000aa500000| Untracked 
| 134|0x00000000aa600000, 0x00000000aa600000, 0x00000000aa700000|  0%| F|  |TAMS 0x00000000aa600000, 0x00000000aa600000| Untracked 

Card table byte_map: [0x0000018aed470000,0x0000018aed760000] _byte_map_base: 0x0000018aecf60000

Marking Bits (Prev, Next): (CMBitMap*) 0x0000018adac44310, (CMBitMap*) 0x0000018adac44350
 Prev Bits: [0x0000018aeda50000, 0x0000018aef1d0000)
 Next Bits: [0x0000018aef1d0000, 0x0000018af0950000)

Polling page: 0x0000018ad8ad0000

Metaspace:

Usage:
  Non-class:     55.34 MB used.
      Class:      8.45 MB used.
       Both:     63.79 MB used.

Virtual space:
  Non-class space:       64.00 MB reserved,      55.62 MB ( 87%) committed,  8 nodes.
      Class space:        1.00 GB reserved,       8.69 MB ( <1%) committed,  1 nodes.
              Both:        1.06 GB reserved,      64.31 MB (  6%) committed. 

Chunk freelists:
   Non-Class:  3.88 MB
       Class:  3.35 MB
        Both:  7.23 MB

MaxMetaspaceSize: 17179869184.00 GB
CompressedClassSpaceSize: 1.00 GB
 - commit_granule_bytes: 65536.
 - commit_granule_words: 8192.
 - virtual_space_node_default_size: 1048576.
 - enlarge_chunks_in_place: 1.
 - new_chunks_are_fully_committed: 0.
 - uncommit_free_chunks: 1.
 - use_allocation_guard: 0.
 - handle_deallocations: 1.


Internal statistics:

num_allocs_failed_limit: 11.
num_arena_births: 688.
num_arena_deaths: 2.
num_vsnodes_births: 9.
num_vsnodes_deaths: 0.
num_space_committed: 1029.
num_space_uncommitted: 0.
num_chunks_returned_to_freelist: 14.
num_chunks_taken_from_freelist: 2795.
num_chunk_merges: 11.
num_chunk_splits: 1956.
num_chunks_enlarged: 1466.
num_purges: 6.

CodeHeap 'non-profiled nmethods': size=238912Kb used=11579Kb max_used=11579Kb free=227332Kb
 bounds [0x0000018ade830000, 0x0000018adf380000, 0x0000018aed180000]
CodeHeap 'non-nmethods': size=6848Kb used=1301Kb max_used=1301Kb free=5546Kb
 bounds [0x0000018ade180000, 0x0000018ade3f0000, 0x0000018ade830000]
 total_blobs=7628 nmethods=7000 adapters=555
 compilation: enabled
              stopped_count=0, restarted_count=0
 full_count=0

Compilation events (20 events):
Event: 411.238 Thread 0x0000018af2e606e0 7000       1       java.lang.ThreadGroup::getMaxPriority (5 bytes)
Event: 411.238 Thread 0x0000018af2e606e0 nmethod 7000 0x0000018adf378c90 code [0x0000018adf378e20, 0x0000018adf378ef8]
Event: 411.255 Thread 0x0000018af2e606e0 7001   !   1       sun.rmi.server.LoaderHandler::loadClass (123 bytes)
Event: 411.268 Thread 0x0000018af2e606e0 nmethod 7001 0x0000018adf378f90 code [0x0000018adf379220, 0x0000018adf379a78]
Event: 411.268 Thread 0x0000018af2e606e0 7002  s    1       sun.rmi.server.LoaderHandler::getDefaultCodebaseURLs (35 bytes)
Event: 411.270 Thread 0x0000018af2e606e0 nmethod 7002 0x0000018adf37a190 code [0x0000018adf37a340, 0x0000018adf37a668]
Event: 411.270 Thread 0x0000018af2e606e0 7003       1       java.io.ObjectStreamClass::initNonProxy (634 bytes)
Event: 411.290 Thread 0x0000018af2e606e0 nmethod 7003 0x0000018adf37a710 code [0x0000018adf37aae0, 0x0000018adf37c0d8]
Event: 411.290 Thread 0x0000018af2e606e0 7004       1       java.io.ObjectStreamClass::classNamesEqual (59 bytes)
Event: 411.295 Thread 0x0000018af2e606e0 nmethod 7004 0x0000018adf37c910 code [0x0000018adf37cae0, 0x0000018adf37cd68]
Event: 411.295 Thread 0x0000018af2e606e0 7005       1       org.springframework.core.env.AbstractEnvironment::getProperty (11 bytes)
Event: 411.296 Thread 0x0000018af2e606e0 nmethod 7005 0x0000018adf37d010 code [0x0000018adf37d1c0, 0x0000018adf37d2a8]
Event: 411.348 Thread 0x0000018af2e606e0 7006       1       java.lang.Class::isRecord (33 bytes)
Event: 411.349 Thread 0x0000018af2e606e0 nmethod 7006 0x0000018adf37d310 code [0x0000018adf37d4c0, 0x0000018adf37d628]
Event: 411.455 Thread 0x0000018af2e606e0 7007       1       java.io.DataInputStream::<init> (30 bytes)
Event: 411.455 Thread 0x0000018af2e606e0 nmethod 7007 0x0000018adf37d710 code [0x0000018adf37d8c0, 0x0000018adf37dcd8]
Event: 411.559 Thread 0x0000018af2e606e0 7008       1       javax.management.ObjectName::isPattern (17 bytes)
Event: 411.559 Thread 0x0000018af2e606e0 nmethod 7008 0x0000018adf37dd90 code [0x0000018adf37df20, 0x0000018adf37dff8]
Event: 411.763 Thread 0x0000018af2e606e0 7009       1       java.lang.ClassLoader::nameAndId (86 bytes)
Event: 411.764 Thread 0x0000018af2e606e0 nmethod 7009 0x0000018adf37e090 code [0x0000018adf37e300, 0x0000018adf37e968]

GC Heap History (20 events):
Event: 192.138 GC heap after
{Heap after GC invocations=21 (full 1):
 garbage-first heap   total 75776K, used 29257K [0x00000000a2000000, 0x0000000100000000)
  region size 1024K, 4 young (4096K), 4 survivors (4096K)
 Metaspace       used 64618K, committed 65088K, reserved 1105920K
  class space    used 8579K, committed 8768K, reserved 1048576K
}
Event: 192.150 GC heap before
{Heap before GC invocations=21 (full 1):
 garbage-first heap   total 75776K, used 58953K [0x00000000a2000000, 0x0000000100000000)
  region size 1024K, 34 young (34816K), 4 survivors (4096K)
 Metaspace       used 64618K, committed 65088K, reserved 1105920K
  class space    used 8579K, committed 8768K, reserved 1048576K
}
Event: 192.155 GC heap after
{Heap after GC invocations=22 (full 1):
 garbage-first heap   total 75776K, used 29318K [0x00000000a2000000, 0x0000000100000000)
  region size 1024K, 3 young (3072K), 3 survivors (3072K)
 Metaspace       used 64618K, committed 65088K, reserved 1105920K
  class space    used 8579K, committed 8768K, reserved 1048576K
}
Event: 194.247 GC heap before
{Heap before GC invocations=22 (full 1):
 garbage-first heap   total 75776K, used 60038K [0x00000000a2000000, 0x0000000100000000)
  region size 1024K, 33 young (33792K), 3 survivors (3072K)
 Metaspace       used 64817K, committed 65344K, reserved 1105920K
  class space    used 8597K, committed 8832K, reserved 1048576K
}
Event: 194.254 GC heap after
{Heap after GC invocations=23 (full 1):
 garbage-first heap   total 75776K, used 31138K [0x00000000a2000000, 0x0000000100000000)
  region size 1024K, 5 young (5120K), 5 survivors (5120K)
 Metaspace       used 64817K, committed 65344K, reserved 1105920K
  class space    used 8597K, committed 8832K, reserved 1048576K
}
Event: 370.229 GC heap before
{Heap before GC invocations=23 (full 1):
 garbage-first heap   total 75776K, used 48546K [0x00000000a2000000, 0x0000000100000000)
  region size 1024K, 23 young (23552K), 5 survivors (5120K)
 Metaspace       used 64826K, committed 65344K, reserved 1105920K
  class space    used 8599K, committed 8832K, reserved 1048576K
}
Event: 370.314 GC heap after
{Heap after GC invocations=24 (full 2):
 garbage-first heap   total 75776K, used 24744K [0x00000000a2000000, 0x0000000100000000)
  region size 1024K, 0 young (0K), 0 survivors (0K)
 Metaspace       used 64826K, committed 65344K, reserved 1105920K
  class space    used 8599K, committed 8832K, reserved 1048576K
}
Event: 372.573 GC heap before
{Heap before GC invocations=24 (full 2):
 garbage-first heap   total 75776K, used 58536K [0x00000000a2000000, 0x0000000100000000)
  region size 1024K, 34 young (34816K), 0 survivors (0K)
 Metaspace       used 64887K, committed 65408K, reserved 1105920K
  class space    used 8611K, committed 8832K, reserved 1048576K
}
Event: 372.577 GC heap after
{Heap after GC invocations=25 (full 2):
 garbage-first heap   total 75776K, used 27369K [0x00000000a2000000, 0x0000000100000000)
  region size 1024K, 3 young (3072K), 3 survivors (3072K)
 Metaspace       used 64887K, committed 65408K, reserved 1105920K
  class space    used 8611K, committed 8832K, reserved 1048576K
}
Event: 372.603 GC heap before
{Heap before GC invocations=25 (full 2):
 garbage-first heap   total 75776K, used 58089K [0x00000000a2000000, 0x0000000100000000)
  region size 1024K, 34 young (34816K), 3 survivors (3072K)
 Metaspace       used 64887K, committed 65408K, reserved 1105920K
  class space    used 8611K, committed 8832K, reserved 1048576K
}
Event: 372.607 GC heap after
{Heap after GC invocations=26 (full 2):
 garbage-first heap   total 75776K, used 27199K [0x00000000a2000000, 0x0000000100000000)
  region size 1024K, 3 young (3072K), 3 survivors (3072K)
 Metaspace       used 64887K, committed 65408K, reserved 1105920K
  class space    used 8611K, committed 8832K, reserved 1048576K
}
Event: 375.124 GC heap before
{Heap before GC invocations=26 (full 2):
 garbage-first heap   total 75776K, used 59967K [0x00000000a2000000, 0x0000000100000000)
  region size 1024K, 35 young (35840K), 3 survivors (3072K)
 Metaspace       used 65075K, committed 65600K, reserved 1105920K
  class space    used 8626K, committed 8832K, reserved 1048576K
}
Event: 375.131 GC heap after
{Heap after GC invocations=27 (full 2):
 garbage-first heap   total 75776K, used 29687K [0x00000000a2000000, 0x0000000100000000)
  region size 1024K, 5 young (5120K), 5 survivors (5120K)
 Metaspace       used 65075K, committed 65600K, reserved 1105920K
  class space    used 8626K, committed 8832K, reserved 1048576K
}
Event: 406.246 GC heap before
{Heap before GC invocations=27 (full 2):
 garbage-first heap   total 75776K, used 34807K [0x00000000a2000000, 0x0000000100000000)
  region size 1024K, 11 young (11264K), 5 survivors (5120K)
 Metaspace       used 65078K, committed 65600K, reserved 1105920K
  class space    used 8626K, committed 8832K, reserved 1048576K
}
Event: 406.323 GC heap after
{Heap after GC invocations=28 (full 3):
 garbage-first heap   total 75776K, used 24952K [0x00000000a2000000, 0x0000000100000000)
  region size 1024K, 0 young (0K), 0 survivors (0K)
 Metaspace       used 65075K, committed 65600K, reserved 1105920K
  class space    used 8626K, committed 8832K, reserved 1048576K
}
Event: 408.590 GC heap before
{Heap before GC invocations=28 (full 3):
 garbage-first heap   total 75776K, used 59768K [0x00000000a2000000, 0x0000000100000000)
  region size 1024K, 35 young (35840K), 0 survivors (0K)
 Metaspace       used 65136K, committed 65664K, reserved 1105920K
  class space    used 8636K, committed 8832K, reserved 1048576K
}
Event: 408.594 GC heap after
{Heap after GC invocations=29 (full 3):
 garbage-first heap   total 75776K, used 27616K [0x00000000a2000000, 0x0000000100000000)
  region size 1024K, 3 young (3072K), 3 survivors (3072K)
 Metaspace       used 65136K, committed 65664K, reserved 1105920K
  class space    used 8636K, committed 8832K, reserved 1048576K
}
Event: 408.674 GC heap before
{Heap before GC invocations=29 (full 3):
 garbage-first heap   total 75776K, used 59360K [0x00000000a2000000, 0x0000000100000000)
  region size 1024K, 35 young (35840K), 3 survivors (3072K)
 Metaspace       used 65136K, committed 65664K, reserved 1105920K
  class space    used 8636K, committed 8832K, reserved 1048576K
}
Event: 408.678 GC heap after
{Heap after GC invocations=30 (full 3):
 garbage-first heap   total 75776K, used 27415K [0x00000000a2000000, 0x0000000100000000)
  region size 1024K, 3 young (3072K), 3 survivors (3072K)
 Metaspace       used 65136K, committed 65664K, reserved 1105920K
  class space    used 8636K, committed 8832K, reserved 1048576K
}
Event: 411.780 GC heap before
{Heap before GC invocations=30 (full 3):
 garbage-first heap   total 75776K, used 61207K [0x00000000a2000000, 0x0000000100000000)
  region size 1024K, 36 young (36864K), 3 survivors (3072K)
 Metaspace       used 65322K, committed 65856K, reserved 1114112K
  class space    used 8650K, committed 8896K, reserved 1048576K
}

Deoptimization events (6 events):
Event: 11.903 Thread 0x0000018af43925a0 DEOPT PACKING pc=0x0000018adeb414bc sp=0x00000085797fca90
Event: 11.903 Thread 0x0000018af43925a0 DEOPT UNPACKING pc=0x0000018ade1cdece sp=0x00000085797fbfe8 mode 0
Event: 27.523 Thread 0x0000018af43925a0 DEOPT PACKING pc=0x0000018adeb2d06a sp=0x00000085797fd100
Event: 27.523 Thread 0x0000018af43925a0 DEOPT UNPACKING pc=0x0000018ade1cdece sp=0x00000085797fc608 mode 3
Event: 27.526 Thread 0x0000018af43925a0 DEOPT PACKING pc=0x0000018adeb297bd sp=0x00000085797fd0c0
Event: 27.526 Thread 0x0000018af43925a0 DEOPT UNPACKING pc=0x0000018ade1cdece sp=0x00000085797fc608 mode 3

Classes unloaded (1 events):
Event: 406.271 Thread 0x0000018af2dcf140 Unloading class 0x0000000100892c00 'org/apache/catalina/loader/JdbcLeakPrevention'

Classes redefined (0 events):
No events

Internal exceptions (20 events):
Event: 372.631 Thread 0x0000018af5f5f590 Exception <a 'java/io/FileNotFoundException'{0x00000000aa6fdca0}> (0x00000000aa6fdca0) 
thrown [t:\workspace\open\src\hotspot\share\prims\jni.cpp, line 579]
Event: 372.829 Thread 0x0000018af5f5f590 Exception <a 'java/io/FileNotFoundException'{0x00000000a6c8fa18}> (0x00000000a6c8fa18) 
thrown [t:\workspace\open\src\hotspot\share\prims\jni.cpp, line 579]
Event: 373.462 Thread 0x0000018af5f5f590 Exception <a 'java/lang/ClassNotFoundException'{0x00000000a5c1b170}: java/lang/ObjectCustomizer> (0x00000000a5c1b170) 
thrown [t:\workspace\open\src\hotspot\share\classfile\systemDictionary.cpp, line 256]
Event: 373.463 Thread 0x0000018af5f5f590 Exception <a 'java/lang/ClassNotFoundException'{0x00000000a5c25770}: sn/supinfo/employesDepartement/domain/DepartementCustomizer> (0x00000000a5c25770) 
thrown [t:\workspace\open\src\hotspot\share\classfile\systemDictionary.cpp, line 256]
Event: 373.931 Thread 0x0000018af5f5f590 Exception <a 'java/lang/ClassNotFoundException'{0x00000000a587a998}: java/lang/ObjectCustomizer> (0x00000000a587a998) 
thrown [t:\workspace\open\src\hotspot\share\classfile\systemDictionary.cpp, line 256]
Event: 373.936 Thread 0x0000018af5f5f590 Exception <a 'java/lang/ClassNotFoundException'{0x00000000a58841d8}: sn/supinfo/employesDepartement/domain/EmployeCustomizer> (0x00000000a58841d8) 
thrown [t:\workspace\open\src\hotspot\share\classfile\systemDictionary.cpp, line 256]
Event: 406.233 Thread 0x0000018af5f5eaf0 Exception <a 'java/lang/InterruptedException'{0x00000000a6972d28}: sleep interrupted> (0x00000000a6972d28) 
thrown [t:\workspace\open\src\hotspot\share\prims\jvm.cpp, line 3305]
Event: 406.349 Thread 0x0000018af5f5a5e0 Exception <a 'java/io/FileNotFoundException'{0x00000000aa6db1b8}> (0x00000000aa6db1b8) 
thrown [t:\workspace\open\src\hotspot\share\prims\jni.cpp, line 579]
Event: 408.247 Thread 0x0000018af5f5a5e0 Exception <a 'java/lang/NoClassDefFoundError'{0x00000000a536dd70}: org/flywaydb/core/Flyway> (0x00000000a536dd70) 
thrown [t:\workspace\open\src\hotspot\share\oops\constantPool.cpp, line 809]
Event: 408.251 Thread 0x0000018af5f5a5e0 Exception <a 'java/lang/NoClassDefFoundError'{0x00000000a5375fc0}: liquibase/integration/spring/SpringLiquibase> (0x00000000a5375fc0) 
thrown [t:\workspace\open\src\hotspot\share\oops\constantPool.cpp, line 809]
Event: 408.299 Thread 0x0000018af5f5a5e0 Exception <a 'java/lang/NoClassDefFoundError'{0x00000000a53d1a00}: org/jooq/DSLContext> (0x00000000a53d1a00) 
thrown [t:\workspace\open\src\hotspot\share\oops\constantPool.cpp, line 809]
Event: 408.302 Thread 0x0000018af5f5a5e0 Exception <a 'java/lang/NoClassDefFoundError'{0x00000000a53dc3c8}: org/springframework/batch/core/repository/JobRepository> (0x00000000a53dc3c8) 
thrown [t:\workspace\open\src\hotspot\share\oops\constantPool.cpp, line 809]
Event: 408.302 Thread 0x0000018af5f5a5e0 Exception <a 'java/lang/NoClassDefFoundError'{0x00000000a53dc700}: org/quartz/Scheduler> (0x00000000a53dc700) 
thrown [t:\workspace\open\src\hotspot\share\oops\constantPool.cpp, line 809]
Event: 408.302 Thread 0x0000018af5f5a5e0 Exception <a 'java/lang/NoClassDefFoundError'{0x00000000a53dca38}: org/springframework/session/jdbc/JdbcIndexedSessionRepository> (0x00000000a53dca38) 
thrown [t:\workspace\open\src\hotspot\share\oops\constantPool.cpp, line 809]
Event: 408.644 Thread 0x0000018af5f5a5e0 Exception <a 'java/io/FileNotFoundException'{0x00000000a4a0d330}> (0x00000000a4a0d330) 
thrown [t:\workspace\open\src\hotspot\share\prims\jni.cpp, line 579]
Event: 408.695 Thread 0x0000018af5f5a5e0 Exception <a 'java/io/FileNotFoundException'{0x00000000aa6a4180}> (0x00000000aa6a4180) 
thrown [t:\workspace\open\src\hotspot\share\prims\jni.cpp, line 579]
Event: 409.368 Thread 0x0000018af5f5a5e0 Exception <a 'java/lang/ClassNotFoundException'{0x00000000a5e53130}: java/lang/ObjectCustomizer> (0x00000000a5e53130) 
thrown [t:\workspace\open\src\hotspot\share\classfile\systemDictionary.cpp, line 256]
Event: 409.373 Thread 0x0000018af5f5a5e0 Exception <a 'java/lang/ClassNotFoundException'{0x00000000a5e5d730}: sn/supinfo/employesDepartement/domain/DepartementCustomizer> (0x00000000a5e5d730) 
thrown [t:\workspace\open\src\hotspot\share\classfile\systemDictionary.cpp, line 256]
Event: 409.972 Thread 0x0000018af5f5a5e0 Exception <a 'java/lang/ClassNotFoundException'{0x00000000a5ab30d0}: java/lang/ObjectCustomizer> (0x00000000a5ab30d0) 
thrown [t:\workspace\open\src\hotspot\share\classfile\systemDictionary.cpp, line 256]
Event: 409.973 Thread 0x0000018af5f5a5e0 Exception <a 'java/lang/ClassNotFoundException'{0x00000000a5abc910}: sn/supinfo/employesDepartement/domain/EmployeCustomizer> (0x00000000a5abc910) 
thrown [t:\workspace\open\src\hotspot\share\classfile\systemDictionary.cpp, line 256]

Events (20 events):
Event: 409.249 Thread 0x0000018af5f5fae0 Thread added: 0x0000018af5f5fae0
Event: 409.367 loading class java/lang/ObjectCustomizer
Event: 409.367 loading class java/lang/ObjectCustomizer done
Event: 409.368 loading class java/lang/ObjectCustomizer
Event: 409.368 loading class java/lang/ObjectCustomizer done
Event: 409.684 Executing  VM operation: Cleanup
Event: 409.972 loading class java/lang/ObjectCustomizer
Event: 409.972 loading class java/lang/ObjectCustomizer done
Event: 409.972 loading class java/lang/ObjectCustomizer
Event: 409.972 loading class java/lang/ObjectCustomizer done
Event: 411.162 Thread 0x0000018af5f60ad0 Thread added: 0x0000018af5f60ad0
Event: 411.230 Thread 0x0000018af5f5e5a0 Thread added: 0x0000018af5f5e5a0
Event: 411.231 Thread 0x0000018af5f5eaf0 Thread added: 0x0000018af5f5eaf0
Event: 411.238 Thread 0x0000018af5f5b5d0 Thread added: 0x0000018af5f5b5d0
Event: 411.242 Thread 0x0000018af5f5a5e0 Thread exited: 0x0000018af5f5a5e0
Event: 411.242 Thread 0x0000018af5f60030 Thread exited: 0x0000018af5f60030
Event: 411.250 Thread 0x0000018af5f61570 Thread added: 0x0000018af5f61570
Event: 411.275 Thread 0x0000018af5f61570 Thread exited: 0x0000018af5f61570
Event: 411.377 Executing  VM operation: Cleanup done
Event: 411.779 Executing  VM operation: G1CollectForAllocation


Dynamic libraries:
0x00007ff7cf490000 - 0x00007ff7cf49e000 	E:\spring-tool-suite-4-4.11.1.RELEASE-e4.20.0-win32.win32.x86_64.self-extracting\contents\sts-4.11.1.RELEASE\plugins\org.eclipse.justj.openjdk.hotspot.jre.full.win32.x86_64_16.0.2.v20210721-1149\jre\bin\javaw.exe
0x00007ffeb6cf0000 - 0x00007ffeb6ee5000 	C:\WINDOWS\SYSTEM32\ntdll.dll
0x00007ffeb65e0000 - 0x00007ffeb669e000 	C:\WINDOWS\System32\KERNEL32.DLL
0x00007ffeb46c0000 - 0x00007ffeb4989000 	C:\WINDOWS\System32\KERNELBASE.dll
0x00007ffeb45c0000 - 0x00007ffeb46c0000 	C:\WINDOWS\System32\ucrtbase.dll
0x00007ffead020000 - 0x00007ffead038000 	E:\spring-tool-suite-4-4.11.1.RELEASE-e4.20.0-win32.win32.x86_64.self-extracting\contents\sts-4.11.1.RELEASE\plugins\org.eclipse.justj.openjdk.hotspot.jre.full.win32.x86_64_16.0.2.v20210721-1149\jre\bin\jli.dll
0x00007ffeb4d40000 - 0x00007ffeb4ee1000 	C:\WINDOWS\System32\USER32.dll
0x00007ffeb4990000 - 0x00007ffeb49b2000 	C:\WINDOWS\System32\win32u.dll
0x00007ffeb54e0000 - 0x00007ffeb550b000 	C:\WINDOWS\System32\GDI32.dll
0x00007ffeb4c30000 - 0x00007ffeb4d3b000 	C:\WINDOWS\System32\gdi32full.dll
0x00007ffeb4410000 - 0x00007ffeb44ad000 	C:\WINDOWS\System32\msvcp_win.dll
0x00007ffead040000 - 0x00007ffead059000 	E:\spring-tool-suite-4-4.11.1.RELEASE-e4.20.0-win32.win32.x86_64.self-extracting\contents\sts-4.11.1.RELEASE\plugins\org.eclipse.justj.openjdk.hotspot.jre.full.win32.x86_64_16.0.2.v20210721-1149\jre\bin\VCRUNTIME140.dll
0x00007ffea2580000 - 0x00007ffea281a000 	C:\WINDOWS\WinSxS\amd64_microsoft.windows.common-controls_6595b64144ccf1df_6.0.19041.1110_none_60b5254171f9507e\COMCTL32.dll
0x00007ffeb5bc0000 - 0x00007ffeb5c5e000 	C:\WINDOWS\System32\msvcrt.dll
0x00007ffeb6ba0000 - 0x00007ffeb6bd0000 	C:\WINDOWS\System32\IMM32.DLL
0x00007ffeb0f80000 - 0x00007ffeb0f8c000 	E:\spring-tool-suite-4-4.11.1.RELEASE-e4.20.0-win32.win32.x86_64.self-extracting\contents\sts-4.11.1.RELEASE\plugins\org.eclipse.justj.openjdk.hotspot.jre.full.win32.x86_64_16.0.2.v20210721-1149\jre\bin\vcruntime140_1.dll
0x00007ffea6ff0000 - 0x00007ffea7081000 	E:\spring-tool-suite-4-4.11.1.RELEASE-e4.20.0-win32.win32.x86_64.self-extracting\contents\sts-4.11.1.RELEASE\plugins\org.eclipse.justj.openjdk.hotspot.jre.full.win32.x86_64_16.0.2.v20210721-1149\jre\bin\msvcp140.dll
0x00007ffe7b370000 - 0x00007ffe7bf1b000 	E:\spring-tool-suite-4-4.11.1.RELEASE-e4.20.0-win32.win32.x86_64.self-extracting\contents\sts-4.11.1.RELEASE\plugins\org.eclipse.justj.openjdk.hotspot.jre.full.win32.x86_64_16.0.2.v20210721-1149\jre\bin\server\jvm.dll
0x00007ffeb5570000 - 0x00007ffeb561c000 	C:\WINDOWS\System32\ADVAPI32.dll
0x00007ffeb5e00000 - 0x00007ffeb5e9b000 	C:\WINDOWS\System32\sechost.dll
0x00007ffeb4f60000 - 0x00007ffeb508a000 	C:\WINDOWS\System32\RPCRT4.dll
0x00007ffeb6ca0000 - 0x00007ffeb6ca8000 	C:\WINDOWS\System32\PSAPI.DLL
0x00007ffeaad20000 - 0x00007ffeaad29000 	C:\WINDOWS\SYSTEM32\WSOCK32.dll
0x00007ffeb5c60000 - 0x00007ffeb5ccb000 	C:\WINDOWS\System32\WS2_32.dll
0x00007ffea1690000 - 0x00007ffea16b7000 	C:\WINDOWS\SYSTEM32\WINMM.dll
0x00007ffea9c80000 - 0x00007ffea9c8a000 	C:\WINDOWS\SYSTEM32\VERSION.dll
0x00007ffeb2310000 - 0x00007ffeb2322000 	C:\WINDOWS\SYSTEM32\kernel.appcore.dll
0x00007ffea7090000 - 0x00007ffea709a000 	E:\spring-tool-suite-4-4.11.1.RELEASE-e4.20.0-win32.win32.x86_64.self-extracting\contents\sts-4.11.1.RELEASE\plugins\org.eclipse.justj.openjdk.hotspot.jre.full.win32.x86_64_16.0.2.v20210721-1149\jre\bin\jimage.dll
0x00007ffea1180000 - 0x00007ffea1364000 	C:\WINDOWS\SYSTEM32\DBGHELP.DLL
0x00007ffea1150000 - 0x00007ffea117c000 	C:\WINDOWS\SYSTEM32\dbgcore.DLL
0x00007ffeb4500000 - 0x00007ffeb4583000 	C:\WINDOWS\System32\bcryptPrimitives.dll
0x00007ffe9c840000 - 0x00007ffe9c865000 	E:\spring-tool-suite-4-4.11.1.RELEASE-e4.20.0-win32.win32.x86_64.self-extracting\contents\sts-4.11.1.RELEASE\plugins\org.eclipse.justj.openjdk.hotspot.jre.full.win32.x86_64_16.0.2.v20210721-1149\jre\bin\java.dll
0x00007ffe95ef0000 - 0x00007ffe95f08000 	E:\spring-tool-suite-4-4.11.1.RELEASE-e4.20.0-win32.win32.x86_64.self-extracting\contents\sts-4.11.1.RELEASE\plugins\org.eclipse.justj.openjdk.hotspot.jre.full.win32.x86_64_16.0.2.v20210721-1149\jre\bin\zip.dll
0x00007ffeb5ea0000 - 0x00007ffeb65df000 	C:\WINDOWS\System32\SHELL32.dll
0x00007ffeb2510000 - 0x00007ffeb2ca0000 	C:\WINDOWS\SYSTEM32\windows.storage.dll
0x00007ffeb5780000 - 0x00007ffeb5ad5000 	C:\WINDOWS\System32\combase.dll
0x00007ffeb3e60000 - 0x00007ffeb3e8c000 	C:\WINDOWS\SYSTEM32\Wldp.dll
0x00007ffeb5260000 - 0x00007ffeb530e000 	C:\WINDOWS\System32\SHCORE.dll
0x00007ffeb5510000 - 0x00007ffeb5565000 	C:\WINDOWS\System32\shlwapi.dll
0x00007ffeb4350000 - 0x00007ffeb436f000 	C:\WINDOWS\SYSTEM32\profapi.dll
0x00007ffe8baf0000 - 0x00007ffe8bb09000 	E:\spring-tool-suite-4-4.11.1.RELEASE-e4.20.0-win32.win32.x86_64.self-extracting\contents\sts-4.11.1.RELEASE\plugins\org.eclipse.justj.openjdk.hotspot.jre.full.win32.x86_64_16.0.2.v20210721-1149\jre\bin\net.dll
0x00007ffea8910000 - 0x00007ffea8a18000 	C:\WINDOWS\SYSTEM32\WINHTTP.dll
0x00007ffeb3bc0000 - 0x00007ffeb3c2a000 	C:\WINDOWS\system32\mswsock.dll
0x00007ffe8ba90000 - 0x00007ffe8baa3000 	E:\spring-tool-suite-4-4.11.1.RELEASE-e4.20.0-win32.win32.x86_64.self-extracting\contents\sts-4.11.1.RELEASE\plugins\org.eclipse.justj.openjdk.hotspot.jre.full.win32.x86_64_16.0.2.v20210721-1149\jre\bin\nio.dll
0x00007ffeb0930000 - 0x00007ffeb0939000 	E:\spring-tool-suite-4-4.11.1.RELEASE-e4.20.0-win32.win32.x86_64.self-extracting\contents\sts-4.11.1.RELEASE\plugins\org.eclipse.justj.openjdk.hotspot.jre.full.win32.x86_64_16.0.2.v20210721-1149\jre\bin\management.dll
0x00007ffeb0090000 - 0x00007ffeb009b000 	E:\spring-tool-suite-4-4.11.1.RELEASE-e4.20.0-win32.win32.x86_64.self-extracting\contents\sts-4.11.1.RELEASE\plugins\org.eclipse.justj.openjdk.hotspot.jre.full.win32.x86_64_16.0.2.v20210721-1149\jre\bin\management_ext.dll
0x00007ffe9a850000 - 0x00007ffe9a867000 	C:\WINDOWS\system32\napinsp.dll
0x00007ffe9a8f0000 - 0x00007ffe9a90b000 	C:\WINDOWS\system32\pnrpnsp.dll
0x00007ffeae700000 - 0x00007ffeae715000 	C:\WINDOWS\system32\wshbth.dll
0x00007ffeacfd0000 - 0x00007ffeacfed000 	C:\WINDOWS\system32\NLAapi.dll
0x00007ffeb3860000 - 0x00007ffeb389b000 	C:\WINDOWS\SYSTEM32\IPHLPAPI.DLL
0x00007ffeb38b0000 - 0x00007ffeb397c000 	C:\WINDOWS\SYSTEM32\DNSAPI.dll
0x00007ffeb4ef0000 - 0x00007ffeb4ef8000 	C:\WINDOWS\System32\NSI.dll
0x00007ffe9caa0000 - 0x00007ffe9cab2000 	C:\WINDOWS\System32\winrnr.dll
0x0000000077700000 - 0x0000000077726000 	C:\Program Files\Bonjour\mdnsNSP.dll
0x00007ffeaa890000 - 0x00007ffeaa89a000 	C:\Windows\System32\rasadhlp.dll
0x00007ffea8720000 - 0x00007ffea879f000 	C:\WINDOWS\System32\fwpuclnt.dll
0x00007ffeb4590000 - 0x00007ffeb45b7000 	C:\WINDOWS\System32\bcrypt.dll
0x00007ffeb3db0000 - 0x00007ffeb3dc8000 	C:\WINDOWS\SYSTEM32\CRYPTSP.dll
0x00007ffeb34d0000 - 0x00007ffeb3504000 	C:\WINDOWS\system32\rsaenh.dll
0x00007ffeb42d0000 - 0x00007ffeb42fe000 	C:\WINDOWS\SYSTEM32\USERENV.dll
0x00007ffeb3dd0000 - 0x00007ffeb3ddc000 	C:\WINDOWS\SYSTEM32\CRYPTBASE.dll
0x00007ffea9f90000 - 0x00007ffea9fa7000 	C:\WINDOWS\SYSTEM32\dhcpcsvc6.DLL
0x00007ffeaa9c0000 - 0x00007ffeaa9dd000 	C:\WINDOWS\SYSTEM32\dhcpcsvc.DLL
0x00007ffe9eca0000 - 0x00007ffe9ecb0000 	E:\spring-tool-suite-4-4.11.1.RELEASE-e4.20.0-win32.win32.x86_64.self-extracting\contents\sts-4.11.1.RELEASE\plugins\org.eclipse.justj.openjdk.hotspot.jre.full.win32.x86_64_16.0.2.v20210721-1149\jre\bin\verify.dll
0x00007ffe9cbd0000 - 0x00007ffe9cbde000 	E:\spring-tool-suite-4-4.11.1.RELEASE-e4.20.0-win32.win32.x86_64.self-extracting\contents\sts-4.11.1.RELEASE\plugins\org.eclipse.justj.openjdk.hotspot.jre.full.win32.x86_64_16.0.2.v20210721-1149\jre\bin\sunmscapi.dll
0x00007ffeb4a20000 - 0x00007ffeb4b76000 	C:\WINDOWS\System32\CRYPT32.dll
0x00007ffeb3ed0000 - 0x00007ffeb3ef7000 	C:\WINDOWS\SYSTEM32\ncrypt.dll
0x00007ffeb3e90000 - 0x00007ffeb3ecb000 	C:\WINDOWS\SYSTEM32\NTASN1.dll
0x00007ffeb10f0000 - 0x00007ffeb10f7000 	C:\WINDOWS\system32\wshunix.dll

dbghelp: loaded successfully - version: 4.0.5 - missing functions: none
symbol engine: initialized successfully - sym options: 0x614 - pdb path: .;E:\spring-tool-suite-4-4.11.1.RELEASE-e4.20.0-win32.win32.x86_64.self-extracting\contents\sts-4.11.1.RELEASE\plugins\org.eclipse.justj.openjdk.hotspot.jre.full.win32.x86_64_16.0.2.v20210721-1149\jre\bin;C:\WINDOWS\SYSTEM32;C:\WINDOWS\WinSxS\amd64_microsoft.windows.common-controls_6595b64144ccf1df_6.0.19041.1110_none_60b5254171f9507e;E:\spring-tool-suite-4-4.11.1.RELEASE-e4.20.0-win32.win32.x86_64.self-extracting\contents\sts-4.11.1.RELEASE\plugins\org.eclipse.justj.openjdk.hotspot.jre.full.win32.x86_64_16.0.2.v20210721-1149\jre\bin\server;C:\Program Files\Bonjour

VM Arguments:
jvm_args: -Dcom.sun.management.jmxremote -Dcom.sun.management.jmxremote.port=64698 -Dcom.sun.management.jmxremote.authenticate=false -Dcom.sun.management.jmxremote.ssl=false -Djava.rmi.server.hostname=localhost -Dspring.jmx.enabled=true -Dspring.application.admin.enabled=true -XX:TieredStopAtLevel=1 -Dspring.boot.project.name=EmployesDepartement -Dfile.encoding=UTF-8 -XX:+ShowCodeDetailsInExceptionMessages 
java_command: sn.supinfo.employesDepartement.EmployesDepartementApplication --spring.output.ansi.enabled=always
java_class_path (initial): C:\Users\HP\Spring\EmployesDepartement\target\classes;C:\Users\HP\.m2\repository\org\springframework\boot\spring-boot-starter-data-jpa\2.5.4\spring-boot-starter-data-jpa-2.5.4.jar;C:\Users\HP\.m2\repository\org\springframework\boot\spring-boot-starter-aop\2.5.4\spring-boot-starter-aop-2.5.4.jar;C:\Users\HP\.m2\repository\org\springframework\spring-aop\5.3.9\spring-aop-5.3.9.jar;C:\Users\HP\.m2\repository\org\aspectj\aspectjweaver\1.9.7\aspectjweaver-1.9.7.jar;C:\Users\HP\.m2\repository\org\springframework\boot\spring-boot-starter-jdbc\2.5.4\spring-boot-starter-jdbc-2.5.4.jar;C:\Users\HP\.m2\repository\com\zaxxer\HikariCP\4.0.3\HikariCP-4.0.3.jar;C:\Users\HP\.m2\repository\org\springframework\spring-jdbc\5.3.9\spring-jdbc-5.3.9.jar;C:\Users\HP\.m2\repository\jakarta\transaction\jakarta.transaction-api\1.3.3\jakarta.transaction-api-1.3.3.jar;C:\Users\HP\.m2\repository\jakarta\persistence\jakarta.persistence-api\2.2.3\jakarta.persistence-api-2.2.3.jar;C:\Users\HP\.m2\repository\org\hibernate\hibernate-core\5.4.32.Final\hibernate-core-5.4.32.Final.jar;C:\Users\HP\.m2\repository\org\jboss\logging\jboss-logging\3.4.2.Final\jboss-logging-3.4.2.Final.jar;C:\Users\HP\.m2\repository\org\javassist\javassist\3.27.0-GA\javassist-3.27.0-GA.jar;C:\Users\HP\.m2\repository\net\bytebuddy\byte-buddy\1.10.22\byte-buddy-1.10.22.jar;C:\Users\HP\.m2\repository\antlr\antlr\2.7.7\antlr-2.7.7.jar;C:\Users\HP\.m2\repository\org\jboss\jandex\2.2.3.Final\jandex-2.2.3.Final.jar;C:\Users\HP\.m2\repository\com\fasterxml\classmate\1.5.1\classmate-1.5.1.jar;C:\Users\HP\.m2\repository\org\dom4j\dom4j\2.1.3\dom4j-2.1.3.jar;C:\Users\HP\.m2\repository\org\hibernate\common\hibernate-commons-annotations\5.1.2.Final\hibernate-commons-annotations-5.1.2.Final.jar;C:\Users\HP\.m2\repository\org\glassfish\jaxb\jaxb-runtime\2.3.5\jaxb-runtime-2.3.5.jar;C:\Users\HP\.m2\repository\org\glassfish\jaxb\txw2\2.3.5\txw2-2.3.5.jar;C:\Users\HP\.m2\repository\com\sun\istack\istack-commons-run
Launcher Type: SUN_STANDARD

[Global flags]
     intx CICompilerCount                          = 3                                         {product} {ergonomic}
     uint ConcGCThreads                            = 1                                         {product} {ergonomic}
     uint G1ConcRefinementThreads                  = 4                                         {product} {ergonomic}
   size_t G1HeapRegionSize                         = 1048576                                   {product} {ergonomic}
    uintx GCDrainStackTargetSize                   = 64                                        {product} {ergonomic}
   size_t InitialHeapSize                          = 98566144                                  {product} {ergonomic}
     bool ManagementServer                         = true                                      {product} {command line}
   size_t MarkStackSize                            = 4194304                                   {product} {ergonomic}
   size_t MaxHeapSize                              = 1577058304                                {product} {ergonomic}
   size_t MaxNewSize                               = 945815552                                 {product} {ergonomic}
   size_t MinHeapDeltaBytes                        = 1048576                                   {product} {ergonomic}
   size_t MinHeapSize                              = 8388608                                   {product} {ergonomic}
    uintx NonNMethodCodeHeapSize                   = 6973028                                {pd product} {ergonomic}
    uintx NonProfiledCodeHeapSize                  = 244685212                              {pd product} {ergonomic}
    uintx ProfiledCodeHeapSize                     = 0                                      {pd product} {ergonomic}
    uintx ReservedCodeCacheSize                    = 251658240                              {pd product} {ergonomic}
     bool SegmentedCodeCache                       = true                                      {product} {ergonomic}
     bool ShowCodeDetailsInExceptionMessages       = true                                   {manageable} {command line}
   size_t SoftMaxHeapSize                          = 1577058304                             {manageable} {ergonomic}
     intx TieredStopAtLevel                        = 1                                         {product} {command line}
     bool UseCompressedClassPointers               = true                           {product lp64_product} {ergonomic}
     bool UseCompressedOops                        = true                           {product lp64_product} {ergonomic}
     bool UseG1GC                                  = true                                      {product} {ergonomic}
     bool UseLargePagesIndividualAllocation        = false                                  {pd product} {ergonomic}

Logging:
Log output configuration:
 #0: stdout all=warning uptime,level,tags
 #1: stderr all=off uptime,level,tags

Environment Variables:
JAVA_HOME=C:\Program Files (x86)\Java\jdk1.8.0_172
PATH=E:/spring-tool-suite-4-4.11.1.RELEASE-e4.20.0-win32.win32.x86_64.self-extracting/contents/sts-4.11.1.RELEASE//plugins/org.eclipse.justj.openjdk.hotspot.jre.full.win32.x86_64_16.0.2.v20210721-1149/jre/bin/server;E:/spring-tool-suite-4-4.11.1.RELEASE-e4.20.0-win32.win32.x86_64.self-extracting/contents/sts-4.11.1.RELEASE//plugins/org.eclipse.justj.openjdk.hotspot.jre.full.win32.x86_64_16.0.2.v20210721-1149/jre/bin;C:\Python39\Scripts\;C:\Python39\;C:\app\HP\product\11.2.0\dbhome_1\bin;C:\ProgramData\Oracle\Java\javapath;C:\Program Files (x86)\Common Files\Oracle\Java\javapath;C:\Program Files\Microsoft MPI\Bin\;C:\Program Files (x86)\Intel\iCLS Client\;C:\Program Files\Intel\iCLS Client\;C:\WINDOWS\system32;C:\WINDOWS;C:\WINDOWS\System32\Wbem;C:\WINDOWS\System32\WindowsPowerShell\v1.0\;C:\Program Files (x86)\Intel\Intel(R) Management Engine Components\DAL;C:\Program Files\Intel\Intel(R) Management Engine Components\DAL;C:\Program Files (x86)\Intel\Intel(R) Management Engine Components\IPT;C:\Program Files\Intel\Intel(R) Management Engine Components\IPT;C:\Program Files\Calibre2\;C:\Program Files\dotnet\;C:\Program Files\Microsoft SQL Server\130\Tools\Binn\;C:\wamp\bin\php\php7.2.14;C:\WINDOWS\System32\OpenSSH\;C:\Program Files\PuTTY\;C:\ProgramData\ComposerSetup\bin;C:\Program Files\nodejs\;C:\ProgramData\chocolatey\bin;C:\Program Files\Git\cmd;C:\Program Files (x86)\Yarn\bin\;C:\Users\HP\AppData\Local\Programs\Python\Python36\Scripts\virtualenv;C:\Users\HP\AppData\Local\Programs\Python\Python36\Scripts\;C:\Users\HP\AppData\Local\Programs\Python\Python36\;c:\users\hp\appdata\local\programs\python\python36\Scripts;C:\Users\HP\AppData\Roaming\Composer\vendor\bin;C:\Users\HP\AppData\Local\Microsoft\WindowsApps;C:\Users\HP\AppData\Roaming\Dashlane\4.6.6.23032\bin\Firefox_Extension\{442718d9-475e-452a-b3e1-fb1ee16b8e9f}\components;C:\Users\HP\AppData\Roaming\Dashlane\4.6.8.25848\bin\Firefox_Extension\{442718d9-475e-452a-b3e1-fb1ee16b8e9f}\components;C:\Users\HP\AppData\Lo
USERNAME=HP
OS=Windows_NT
PROCESSOR_IDENTIFIER=Intel64 Family 6 Model 78 Stepping 3, GenuineIntel



---------------  S Y S T E M  ---------------

OS:
 Windows 10 , 64 bit Build 19041 (10.0.19041.1202)
OS uptime: 0 days 4:19 hours

CPU: total 4 (initial active 4) (2 cores per cpu, 2 threads per core) family 6 model 78 stepping 3 microcode 0xcc, cx8, cmov, fxsr, ht, mmx, 3dnowpref, sse, sse2, sse3, ssse3, sse4.1, sse4.2, popcnt, lzcnt, tsc, tscinvbit, avx, avx2, aes, erms, clmul, bmi1, bmi2, adx, fma, vzeroupper, clflush, clflushopt

Memory: 4k page, system-wide physical 6010M (1164M free)
TotalPageFile size 24428M (AvailPageFile size 28M)
current process WorkingSet (physical memory assigned to process): 214M, peak: 222M
current process commit charge ("private bytes"): 304M, peak: 343M

vm_info: OpenJDK 64-Bit Server VM (16.0.2+7-67) for windows-amd64 JRE (16.0.2+7-67), built on Jun  8 2021 23:21:43 by "mach5one" with MS VC++ 16.7 (VS2019)

END.
